<?xml version="1.0" encoding="UTF-8"?>
<!-- Generated by org.testng.reporters.JUnitReportReporter -->
<testsuite skipped="0" hostname="PRO-IND-622" name="Appium.SearchNewCustomer" tests="1" failures="0" timestamp="12 Aug 2020 09:06:29 GMT" time="354.643" errors="0">
  <testcase name="orderPlacing" time="354.643" classname="Appium.SearchNewCustomer"/>
</testsuite> <!-- Appium.SearchNewCustomer -->
