<?xml version="1.0" encoding="UTF-8"?>
<!-- Generated by org.testng.reporters.JUnitReportReporter -->
<testsuite skipped="0" hostname="PRO-IND-622" name="Appium.PriceUpdate" tests="1" failures="0" timestamp="14 Aug 2020 13:48:55 GMT" time="239.701" errors="0">
  <testcase name="orderPlacing" time="239.701" classname="Appium.PriceUpdate"/>
</testsuite> <!-- Appium.PriceUpdate -->
