<?xml version="1.0" encoding="UTF-8"?>
<!-- Generated by org.testng.reporters.JUnitReportReporter -->
<testsuite skipped="0" hostname="PRO-IND-622" name="Appium.OrderDetails" tests="1" failures="0" timestamp="12 Aug 2020 05:35:46 GMT" time="257.732" errors="0">
  <testcase name="orderPlacing" time="257.732" classname="Appium.OrderDetails"/>
</testsuite> <!-- Appium.OrderDetails -->
