<?xml version="1.0" encoding="UTF-8"?>
<!-- Generated by org.testng.reporters.JUnitReportReporter -->
<testsuite skipped="0" hostname="PRO-IND-622" name="Appium.ChangingDeliveryAddressinReviewPage" tests="1" failures="0" timestamp="25 Aug 2020 15:12:17 GMT" time="292.020" errors="0">
  <testcase name="orderPlacing" time="292.020" classname="Appium.ChangingDeliveryAddressinReviewPage"/>
</testsuite> <!-- Appium.ChangingDeliveryAddressinReviewPage -->
