<?xml version="1.0" encoding="UTF-8"?>
<!-- Generated by org.testng.reporters.JUnitReportReporter -->
<testsuite skipped="0" hostname="PRO-IND-622" name="Appium.DOBPlaceOrderDebitAtPickUp" tests="1" failures="0" timestamp="13 Aug 2020 11:01:10 GMT" time="317.014" errors="0">
  <testcase name="orderPlacing" time="317.014" classname="Appium.DOBPlaceOrderDebitAtPickUp"/>
</testsuite> <!-- Appium.DOBPlaceOrderDebitAtPickUp -->
