<?xml version="1.0" encoding="UTF-8"?>
<!-- Generated by org.testng.reporters.JUnitReportReporter -->
<testsuite skipped="0" hostname="PRO-IND-622" name="Appium.DOBFrameDisplay" tests="1" failures="0" timestamp="13 Aug 2020 11:50:29 GMT" time="266.258" errors="0">
  <testcase name="orderPlacing" time="266.258" classname="Appium.DOBFrameDisplay"/>
</testsuite> <!-- Appium.DOBFrameDisplay -->
