<?xml version="1.0" encoding="UTF-8"?>
<!-- Generated by org.testng.reporters.JUnitReportReporter -->
<testsuite skipped="0" hostname="PRO-IND-622" name="Appium.PropwithWarningMsg" tests="1" failures="0" timestamp="19 Aug 2020 11:09:48 GMT" time="268.448" errors="0">
  <testcase name="orderPlacing" time="268.448" classname="Appium.PropwithWarningMsg"/>
</testsuite> <!-- Appium.PropwithWarningMsg -->
