<?xml version="1.0" encoding="UTF-8"?>
<!-- Generated by org.testng.reporters.JUnitReportReporter -->
<testsuite skipped="0" hostname="PRO-IND-622" name="Appium.DOBPlaceOrderCashAtPickUp" tests="1" failures="0" timestamp="13 Aug 2020 10:48:25 GMT" time="324.554" errors="0">
  <testcase name="orderPlacing" time="324.554" classname="Appium.DOBPlaceOrderCashAtPickUp"/>
</testsuite> <!-- Appium.DOBPlaceOrderCashAtPickUp -->
