<?xml version="1.0" encoding="UTF-8"?>
<!-- Generated by org.testng.reporters.JUnitReportReporter -->
<testsuite skipped="0" hostname="PRO-IND-622" name="Appium.StoreToCartShopingMode" tests="1" failures="0" timestamp="16 Aug 2020 05:36:48 GMT" time="385.549" errors="0">
  <testcase name="orderPlacing" time="385.549" classname="Appium.StoreToCartShopingMode"/>
</testsuite> <!-- Appium.StoreToCartShopingMode -->
