<?xml version="1.0" encoding="UTF-8"?>
<!-- Generated by org.testng.reporters.JUnitReportReporter -->
<testsuite skipped="0" hostname="PRO-IND-622" name="Appium.ForgotPassword" tests="1" failures="0" timestamp="26 Aug 2020 04:44:20 GMT" time="198.025" errors="0">
  <testcase name="orderPlacing" time="198.025" classname="Appium.ForgotPassword"/>
</testsuite> <!-- Appium.ForgotPassword -->
