<?xml version="1.0" encoding="UTF-8"?>
<!-- Generated by org.testng.reporters.JUnitReportReporter -->
<testsuite skipped="0" hostname="PRO-IND-622" name="Appium.DOBwithBoxFunctionality" tests="1" failures="0" timestamp="13 Aug 2020 11:57:30 GMT" time="305.865" errors="0">
  <testcase name="orderPlacing" time="305.865" classname="Appium.DOBwithBoxFunctionality"/>
</testsuite> <!-- Appium.DOBwithBoxFunctionality -->
