<?xml version="1.0" encoding="UTF-8"?>
<!-- Generated by org.testng.reporters.JUnitReportReporter -->
<testsuite skipped="0" hostname="PRO-IND-622" name="Appium.ExistedOrderwithDebitCard" tests="1" failures="0" timestamp="12 Aug 2020 12:07:31 GMT" time="322.362" errors="0">
  <testcase name="orderPlacing" time="322.362" classname="Appium.ExistedOrderwithDebitCard"/>
</testsuite> <!-- Appium.ExistedOrderwithDebitCard -->
