<?xml version="1.0" encoding="UTF-8"?>
<!-- Generated by org.testng.reporters.JUnitReportReporter -->
<testsuite skipped="0" hostname="PRO-IND-622" name="Appium.PlaceOrderCCPickUp" tests="1" failures="0" timestamp="11 Aug 2020 04:01:59 GMT" time="288.542" errors="0">
  <testcase name="orderPlacing" time="288.542" classname="Appium.PlaceOrderCCPickUp"/>
</testsuite> <!-- Appium.PlaceOrderCCPickUp -->
