<?xml version="1.0" encoding="UTF-8"?>
<!-- Generated by org.testng.reporters.JUnitReportReporter -->
<testsuite skipped="0" hostname="PRO-IND-622" name="Appium.Offers" tests="1" failures="0" timestamp="13 Aug 2020 05:28:41 GMT" time="209.453" errors="0">
  <testcase name="orderPlacing" time="209.453" classname="Appium.Offers"/>
</testsuite> <!-- Appium.Offers -->
