<?xml version="1.0" encoding="UTF-8"?>
<!-- Generated by org.testng.reporters.JUnitReportReporter -->
<testsuite skipped="0" hostname="PRO-IND-622" name="Appium.PropwithBeerandWineproductstoList" tests="1" failures="0" timestamp="22 Aug 2020 12:22:44 GMT" time="458.945" errors="0">
  <testcase name="orderPlacing" time="458.945" classname="Appium.PropwithBeerandWineproductstoList"/>
</testsuite> <!-- Appium.PropwithBeerandWineproductstoList -->
