<?xml version="1.0" encoding="UTF-8"?>
<!-- Generated by org.testng.reporters.JUnitReportReporter -->
<testsuite skipped="0" hostname="PRO-IND-622" name="Appium.TopDeals" tests="1" failures="0" timestamp="25 Aug 2020 05:07:17 GMT" time="330.584" errors="0">
  <testcase name="orderPlacing" time="330.584" classname="Appium.TopDeals"/>
</testsuite> <!-- Appium.TopDeals -->
