<?xml version="1.0" encoding="UTF-8"?>
<!-- Generated by org.testng.reporters.JUnitReportReporter -->
<testsuite skipped="0" hostname="PRO-IND-622" name="Appium.ChangeStorelocations" tests="1" failures="0" timestamp="24 Aug 2020 12:51:50 GMT" time="537.706" errors="0">
  <testcase name="orderPlacing" time="537.706" classname="Appium.ChangeStorelocations"/>
</testsuite> <!-- Appium.ChangeStorelocations -->
