<?xml version="1.0" encoding="UTF-8"?>
<!-- Generated by org.testng.reporters.JUnitReportReporter -->
<testsuite skipped="0" hostname="PRO-IND-622" name="Appium.TotalPaymentandSubtotal" tests="1" failures="0" timestamp="25 Aug 2020 06:04:13 GMT" time="377.767" errors="0">
  <testcase name="orderPlacing" time="377.767" classname="Appium.TotalPaymentandSubtotal"/>
</testsuite> <!-- Appium.TotalPaymentandSubtotal -->
