<?xml version="1.0" encoding="UTF-8"?>
<!-- Generated by org.testng.reporters.JUnitReportReporter -->
<testsuite skipped="0" hostname="PRO-IND-622" name="Appium.DeliverywithfifteenCreditCard" tests="1" failures="0" timestamp="19 Aug 2020 08:31:42 GMT" time="386.219" errors="0">
  <testcase name="orderPlacing" time="386.219" classname="Appium.DeliverywithfifteenCreditCard"/>
</testsuite> <!-- Appium.DeliverywithfifteenCreditCard -->
