<?xml version="1.0" encoding="UTF-8"?>
<!-- Generated by org.testng.reporters.JUnitReportReporter -->
<testsuite skipped="0" hostname="PRO-IND-622" name="Appium.NewRegister" tests="1" failures="0" timestamp="25 Aug 2020 17:19:46 GMT" time="299.686" errors="0">
  <testcase name="NewRegister" time="299.686" classname="Appium.NewRegister"/>
</testsuite> <!-- Appium.NewRegister -->
