<?xml version="1.0" encoding="UTF-8"?>
<!-- Generated by org.testng.reporters.JUnitReportReporter -->
<testsuite skipped="0" hostname="PRO-IND-622" name="Appium.LoginUser" tests="1" failures="0" timestamp="18 Aug 2020 07:22:42 GMT" time="217.671" errors="0">
  <testcase name="orderPlacing" time="217.671" classname="Appium.LoginUser"/>
</testsuite> <!-- Appium.LoginUser -->
