<?xml version="1.0" encoding="UTF-8"?>
<!-- Generated by org.testng.reporters.JUnitReportReporter -->
<testsuite skipped="0" hostname="PRO-IND-622" name="Appium.UpdateProfile" tests="1" failures="0" timestamp="14 Aug 2020 09:31:15 GMT" time="204.102" errors="0">
  <testcase name="orderPlacing" time="204.102" classname="Appium.UpdateProfile"/>
</testsuite> <!-- Appium.UpdateProfile -->
