<?xml version="1.0" encoding="UTF-8"?>
<!-- Generated by org.testng.reporters.JUnitReportReporter -->
<testsuite skipped="0" hostname="PRO-IND-622" name="Appium.WeeklyLunchandMonthlylist" tests="1" failures="0" timestamp="24 Aug 2020 13:02:37 GMT" time="558.979" errors="0">
  <testcase name="orderPlacing" time="558.979" classname="Appium.WeeklyLunchandMonthlylist"/>
</testsuite> <!-- Appium.WeeklyLunchandMonthlylist -->
