<?xml version="1.0" encoding="UTF-8"?>
<!-- Generated by org.testng.reporters.JUnitReportReporter -->
<testsuite skipped="0" hostname="PRO-IND-622" name="Appium.QuickReorderinHomePage" tests="1" failures="0" timestamp="25 Aug 2020 13:46:05 GMT" time="175.798" errors="0">
  <testcase name="orderPlacing" time="175.798" classname="Appium.QuickReorderinHomePage"/>
</testsuite> <!-- Appium.QuickReorderinHomePage -->
