<?xml version="1.0" encoding="UTF-8"?>
<!-- Generated by org.testng.reporters.JUnitReportReporter -->
<testsuite skipped="0" hostname="PRO-IND-622" name="Appium.SomethingExtraPoints" tests="1" failures="0" timestamp="14 Aug 2020 08:06:12 GMT" time="187.043" errors="0">
  <testcase name="orderPlacing" time="187.043" classname="Appium.SomethingExtraPoints"/>
</testsuite> <!-- Appium.SomethingExtraPoints -->
