<?xml version="1.0" encoding="UTF-8"?>
<!-- Generated by org.testng.reporters.JUnitReportReporter -->
<testsuite skipped="0" hostname="PRO-IND-622" name="Appium.PlaceOrderwithLlistItems" tests="1" failures="0" timestamp="22 Aug 2020 14:10:39 GMT" time="584.121" errors="0">
  <testcase name="orderPlacing" time="584.121" classname="Appium.PlaceOrderwithLlistItems"/>
</testsuite> <!-- Appium.PlaceOrderwithLlistItems -->
