<?xml version="1.0" encoding="UTF-8"?>
<!-- Generated by org.testng.reporters.JUnitReportReporter -->
<testsuite skipped="0" hostname="PRO-IND-622" name="Appium.ShoppingMode" tests="1" failures="0" timestamp="16 Aug 2020 08:08:44 GMT" time="288.561" errors="0">
  <testcase name="orderPlacing" time="288.561" classname="Appium.ShoppingMode"/>
</testsuite> <!-- Appium.ShoppingMode -->
