<?xml version="1.0" encoding="UTF-8"?>
<!-- Generated by org.testng.reporters.JUnitReportReporter -->
<testsuite skipped="0" hostname="PRO-IND-622" name="Appium.Deliverywith5percentCreditCard" tests="1" failures="0" timestamp="16 Aug 2020 10:32:19 GMT" time="292.625" errors="0">
  <testcase name="orderPlacing" time="292.625" classname="Appium.Deliverywith5percentCreditCard"/>
</testsuite> <!-- Appium.Deliverywith5percentCreditCard -->
