<?xml version="1.0" encoding="UTF-8"?>
<!-- Generated by org.testng.reporters.JUnitReportReporter -->
<testsuite skipped="0" hostname="PRO-IND-622" name="Appium.PlaceOrderCCOnline" tests="1" failures="0" timestamp="10 Aug 2020 09:22:08 GMT" time="267.939" errors="0">
  <testcase name="orderPlacing" time="267.939" classname="Appium.PlaceOrderCCOnline"/>
</testsuite> <!-- Appium.PlaceOrderCCOnline -->
