<?xml version="1.0" encoding="UTF-8"?>
<!-- Generated by org.testng.reporters.JUnitReportReporter -->
<testsuite skipped="0" hostname="PRO-IND-622" name="Appium.DeliverywithCreditCard" tests="1" failures="0" timestamp="16 Aug 2020 06:28:38 GMT" time="267.894" errors="0">
  <testcase name="orderPlacing" time="267.894" classname="Appium.DeliverywithCreditCard"/>
</testsuite> <!-- Appium.DeliverywithCreditCard -->
