<?xml version="1.0" encoding="UTF-8"?>
<!-- Generated by org.testng.reporters.JUnitReportReporter -->
<testsuite skipped="0" hostname="PRO-IND-622" name="Appium.DeliverywithOtherAmountCreditCard" tests="1" failures="0" timestamp="16 Aug 2020 14:19:29 GMT" time="350.500" errors="0">
  <testcase name="orderPlacing" time="350.500" classname="Appium.DeliverywithOtherAmountCreditCard"/>
</testsuite> <!-- Appium.DeliverywithOtherAmountCreditCard -->
