<?xml version="1.0" encoding="UTF-8"?>
<!-- Generated by org.testng.reporters.JUnitReportReporter -->
<testsuite skipped="0" hostname="PRO-IND-622" name="Appium.ReviewCartPageinModifyOrderProcess" tests="1" failures="0" timestamp="25 Aug 2020 13:53:18 GMT" time="305.491" errors="0">
  <testcase name="orderPlacing" time="305.491" classname="Appium.ReviewCartPageinModifyOrderProcess"/>
</testsuite> <!-- Appium.ReviewCartPageinModifyOrderProcess -->
