<?xml version="1.0" encoding="UTF-8"?>
<!-- Generated by org.testng.reporters.JUnitReportReporter -->
<testsuite skipped="0" hostname="PRO-IND-622" name="Appium.PlaceOrderDDPickUp" tests="1" failures="0" timestamp="11 Aug 2020 04:07:36 GMT" time="262.529" errors="0">
  <testcase name="orderPlacing" time="262.529" classname="Appium.PlaceOrderDDPickUp"/>
</testsuite> <!-- Appium.PlaceOrderDDPickUp -->
