<?xml version="1.0" encoding="UTF-8"?>
<!-- Generated by org.testng.reporters.JUnitReportReporter -->
<testsuite skipped="0" hostname="PRO-IND-622" name="Appium.ModifyOrder" tests="1" failures="0" timestamp="12 Aug 2020 05:29:50 GMT" time="319.167" errors="0">
  <testcase name="orderPlacing" time="319.167" classname="Appium.ModifyOrder"/>
</testsuite> <!-- Appium.ModifyOrder -->
