<?xml version="1.0" encoding="UTF-8"?>
<!-- Generated by org.testng.reporters.JUnitReportReporter -->
<testsuite skipped="0" hostname="PRO-IND-622" name="Appium.NewRegister1" tests="1" failures="0" timestamp="10 Aug 2020 08:57:42 GMT" time="244.746" errors="0">
  <testcase name="NewRegister" time="244.746" classname="Appium.NewRegister1"/>
</testsuite> <!-- Appium.NewRegister1 -->
