<?xml version="1.0" encoding="UTF-8"?>
<!-- Generated by org.testng.reporters.JUnitReportReporter -->
<testsuite skipped="0" hostname="PRO-IND-622" name="Appium.WeeklyAdd" tests="1" failures="0" timestamp="19 Aug 2020 07:40:31 GMT" time="190.987" errors="0">
  <testcase name="orderPlacing" time="190.987" classname="Appium.WeeklyAdd"/>
</testsuite> <!-- Appium.WeeklyAdd -->
