<?xml version="1.0" encoding="UTF-8"?>
<!-- Generated by org.testng.reporters.JUnitReportReporter -->
<testsuite skipped="0" hostname="PRO-IND-622" name="Appium.ChangeStoreOutOfStock" tests="1" failures="0" timestamp="24 Aug 2020 11:08:54 GMT" time="503.288" errors="0">
  <testcase name="orderPlacing" time="503.288" classname="Appium.ChangeStoreOutOfStock"/>
</testsuite> <!-- Appium.ChangeStoreOutOfStock -->
