<?xml version="1.0" encoding="UTF-8"?>
<!-- Generated by org.testng.reporters.JUnitReportReporter -->
<testsuite skipped="0" hostname="PRO-IND-622" name="Appium.SaveForLaterOrderHistory" tests="1" failures="0" timestamp="14 Aug 2020 04:58:29 GMT" time="176.666" errors="0">
  <testcase name="orderPlacing" time="176.666" classname="Appium.SaveForLaterOrderHistory"/>
</testsuite> <!-- Appium.SaveForLaterOrderHistory -->
