<?xml version="1.0" encoding="UTF-8"?>
<!-- Generated by org.testng.reporters.JUnitReportReporter -->
<testsuite skipped="0" hostname="PRO-IND-622" name="Appium.SomethingExtraNumberUpdate" tests="1" failures="0" timestamp="14 Aug 2020 13:41:28 GMT" time="220.417" errors="0">
  <testcase name="orderPlacing" time="220.417" classname="Appium.SomethingExtraNumberUpdate"/>
</testsuite> <!-- Appium.SomethingExtraNumberUpdate -->
