<?xml version="1.0" encoding="UTF-8"?>
<!-- Generated by org.testng.reporters.JUnitReportReporter -->
<testsuite skipped="0" hostname="PRO-IND-622" name="Appium.ChangeStoreItemisNotOnSale" tests="1" failures="0" timestamp="24 Aug 2020 10:47:47 GMT" time="477.403" errors="0">
  <testcase name="orderPlacing" time="477.403" classname="Appium.ChangeStoreItemisNotOnSale"/>
</testsuite> <!-- Appium.ChangeStoreItemisNotOnSale -->
