<?xml version="1.0" encoding="UTF-8"?>
<!-- Generated by org.testng.reporters.JUnitReportReporter -->
<testsuite skipped="0" hostname="PRO-IND-622" name="Appium.DeliverywithTenCreditCard" tests="1" failures="0" timestamp="19 Aug 2020 09:09:41 GMT" time="407.928" errors="0">
  <testcase name="orderPlacing" time="407.928" classname="Appium.DeliverywithTenCreditCard"/>
</testsuite> <!-- Appium.DeliverywithTenCreditCard -->
