<?xml version="1.0" encoding="UTF-8"?>
<!-- Generated by org.testng.reporters.JUnitReportReporter -->
<testsuite skipped="0" hostname="PRO-IND-622" name="Appium.DeliverywithCreditCardandCancelOrder" tests="1" failures="0" timestamp="20 Aug 2020 06:59:09 GMT" time="351.326" errors="0">
  <testcase name="orderPlacing" time="351.326" classname="Appium.DeliverywithCreditCardandCancelOrder"/>
</testsuite> <!-- Appium.DeliverywithCreditCardandCancelOrder -->
