<?xml version="1.0" encoding="UTF-8"?>
<!-- Generated by org.testng.reporters.JUnitReportReporter -->
<testsuite skipped="0" hostname="PRO-IND-622" name="Appium.HomepageOffersandCoupons" tests="1" failures="0" timestamp="25 Aug 2020 13:42:21 GMT" time="183.084" errors="0">
  <testcase name="orderPlacing" time="183.084" classname="Appium.HomepageOffersandCoupons"/>
</testsuite> <!-- Appium.HomepageOffersandCoupons -->
