<?xml version="1.0" encoding="UTF-8"?>
<!-- Generated by org.testng.reporters.JUnitReportReporter -->
<testsuite skipped="0" hostname="PRO-IND-622" name="Appium.DeliverywithCreditCardandChangeDeliveryAdd" tests="1" failures="0" timestamp="20 Aug 2020 08:27:42 GMT" time="361.523" errors="0">
  <testcase name="orderPlacing" time="361.523" classname="Appium.DeliverywithCreditCardandChangeDeliveryAdd"/>
</testsuite> <!-- Appium.DeliverywithCreditCardandChangeDeliveryAdd -->
