<?xml version="1.0" encoding="UTF-8"?>
<!-- Generated by org.testng.reporters.JUnitReportReporter -->
<testsuite skipped="0" hostname="PRO-IND-622" name="Appium.OrderHistory" tests="1" failures="0" timestamp="11 Aug 2020 10:33:34 GMT" time="148.644" errors="0">
  <testcase name="orderPlacing" time="148.644" classname="Appium.OrderHistory"/>
</testsuite> <!-- Appium.OrderHistory -->
