<?xml version="1.0" encoding="UTF-8"?>
<!-- Generated by org.testng.reporters.JUnitReportReporter -->
<testsuite skipped="0" hostname="PRO-IND-622" name="Appium.PropwithAlcoholiclink" tests="1" failures="0" timestamp="19 Aug 2020 13:06:38 GMT" time="292.347" errors="0">
  <testcase name="orderPlacing" time="292.347" classname="Appium.PropwithAlcoholiclink"/>
</testsuite> <!-- Appium.PropwithAlcoholiclink -->
