<?xml version="1.0" encoding="UTF-8"?>
<!-- Generated by org.testng.reporters.JUnitReportReporter -->
<testsuite skipped="0" hostname="PRO-IND-622" name="Appium.HomePageSaveForlaterList" tests="1" failures="0" timestamp="25 Aug 2020 13:35:18 GMT" time="226.067" errors="0">
  <testcase name="orderPlacing" time="226.067" classname="Appium.HomePageSaveForlaterList"/>
</testsuite> <!-- Appium.HomePageSaveForlaterList -->
