<?xml version="1.0" encoding="UTF-8"?>
<!-- Generated by org.testng.reporters.JUnitReportReporter -->
<testsuite skipped="0" hostname="PRO-IND-622" name="Appium.CartOverview" tests="1" failures="0" timestamp="12 Aug 2020 07:15:17 GMT" time="284.528" errors="0">
  <testcase name="orderPlacing" time="284.528" classname="Appium.CartOverview"/>
</testsuite> <!-- Appium.CartOverview -->
