<?xml version="1.0" encoding="UTF-8"?>
<!-- Generated by org.testng.reporters.JUnitReportReporter -->
<testsuite skipped="0" hostname="PRO-IND-622" name="Appium.DeliverywithFiveCreditCard" tests="1" failures="0" timestamp="19 Aug 2020 09:32:36 GMT" time="391.684" errors="0">
  <testcase name="orderPlacing" time="391.684" classname="Appium.DeliverywithFiveCreditCard"/>
</testsuite> <!-- Appium.DeliverywithFiveCreditCard -->
